  cora.c
  draw.c
  main.c
  map1.c
  menu.c
C:\Users\Jarbas\Desktop\testandojogodeAED\WitchsJourney\src\menu.c(28,66): warning C4244: 'função': conversão de 'float' para 'int', possível perda de dados
C:\Users\Jarbas\Desktop\testandojogodeAED\WitchsJourney\src\menu.c(28,81): warning C4244: 'função': conversão de 'float' para 'int', possível perda de dados
C:\Users\Jarbas\Desktop\testandojogodeAED\WitchsJourney\src\menu.c(28,89): warning C4244: 'função': conversão de 'float' para 'int', possível perda de dados
C:\Users\Jarbas\Desktop\testandojogodeAED\WitchsJourney\src\menu.c(45,60): warning C4244: 'função': conversão de 'float' para 'int', possível perda de dados
C:\Users\Jarbas\Desktop\testandojogodeAED\WitchsJourney\src\menu.c(46,81): warning C4244: 'função': conversão de 'float' para 'int', possível perda de dados
C:\Users\Jarbas\Desktop\testandojogodeAED\WitchsJourney\src\menu.c(46,100): warning C4244: 'função': conversão de 'float' para 'int', possível perda de dados
C:\Users\Jarbas\Desktop\testandojogodeAED\WitchsJourney\src\menu.c(78,62): warning C4244: 'função': conversão de 'float' para 'int', possível perda de dados
C:\Users\Jarbas\Desktop\testandojogodeAED\WitchsJourney\src\menu.c(79,83): warning C4244: 'função': conversão de 'float' para 'int', possível perda de dados
C:\Users\Jarbas\Desktop\testandojogodeAED\WitchsJourney\src\menu.c(79,102): warning C4244: 'função': conversão de 'float' para 'int', possível perda de dados
C:\Users\Jarbas\Desktop\testandojogodeAED\WitchsJourney\src\menu.c(123,64): warning C4244: 'função': conversão de 'float' para 'int', possível perda de dados
C:\Users\Jarbas\Desktop\testandojogodeAED\WitchsJourney\src\menu.c(123,39): warning C4244: 'função': conversão de 'float' para 'int', possível perda de dados
C:\Users\Jarbas\Desktop\testandojogodeAED\WitchsJourney\src\menu.c(124,45): warning C4244: 'função': conversão de 'float' para 'int', possível perda de dados
C:\Users\Jarbas\Desktop\testandojogodeAED\WitchsJourney\src\menu.c(125,13): warning C4244: 'função': conversão de 'float' para 'int', possível perda de dados
C:\Users\Jarbas\Desktop\testandojogodeAED\WitchsJourney\src\menu.c(152,56): warning C4244: 'função': conversão de 'float' para 'int', possível perda de dados
C:\Users\Jarbas\Desktop\testandojogodeAED\WitchsJourney\src\menu.c(152,35): warning C4244: 'função': conversão de 'float' para 'int', possível perda de dados
C:\Users\Jarbas\Desktop\testandojogodeAED\WitchsJourney\src\menu.c(153,36): warning C4244: 'função': conversão de 'float' para 'int', possível perda de dados
C:\Users\Jarbas\Desktop\testandojogodeAED\WitchsJourney\src\menu.c(154,9): warning C4244: 'função': conversão de 'float' para 'int', possível perda de dados
  Gerando Código...
  WitchsJourney.vcxproj -> C:\Users\Jarbas\Desktop\testandojogodeAED\WitchsJourney\bin\Debug\WitchsJourney.exe
