  enemy.c
C:\Users\felip\projetos\WitchsJourney\build\build_files\enemy.c(33,29): warning C4244: 'inicializando': conversão de 'int' para 'float', possível perda de dados
C:\Users\felip\projetos\WitchsJourney\build\build_files\enemy.c(34,30): warning C4244: 'inicializando': conversão de 'int' para 'float', possível perda de dados
C:\Users\felip\projetos\WitchsJourney\build\build_files\enemy.c(41,25): error C2065: 'enemiesCount': identificador não declarado
C:\Users\felip\projetos\WitchsJourney\build\build_files\enemy.c(42,14): error C2065: 'enemies': identificador não declarado
C:\Users\felip\projetos\WitchsJourney\build\build_files\enemy.c(42,21): error C2109: subscrito requer tipo de matriz ou ponteiro
C:\Users\felip\projetos\WitchsJourney\build\build_files\enemy.c(45,9): error C2065: 'enemies': identificador não declarado
C:\Users\felip\projetos\WitchsJourney\build\build_files\enemy.c(45,16): error C2109: subscrito requer tipo de matriz ou ponteiro
C:\Users\felip\projetos\WitchsJourney\build\build_files\enemy.c(45,34): error C2065: 'enemies': identificador não declarado
C:\Users\felip\projetos\WitchsJourney\build\build_files\enemy.c(45,41): error C2109: subscrito requer tipo de matriz ou ponteiro
C:\Users\felip\projetos\WitchsJourney\build\build_files\enemy.c(48,14): error C2065: 'enemies': identificador não declarado
C:\Users\felip\projetos\WitchsJourney\build\build_files\enemy.c(48,21): error C2109: subscrito requer tipo de matriz ou ponteiro
C:\Users\felip\projetos\WitchsJourney\build\build_files\enemy.c(48,43): error C2065: 'enemies': identificador não declarado
C:\Users\felip\projetos\WitchsJourney\build\build_files\enemy.c(48,50): error C2109: subscrito requer tipo de matriz ou ponteiro
C:\Users\felip\projetos\WitchsJourney\build\build_files\enemy.c(49,15): error C2065: 'enemies': identificador não declarado
C:\Users\felip\projetos\WitchsJourney\build\build_files\enemy.c(49,22): error C2109: subscrito requer tipo de matriz ou ponteiro
C:\Users\felip\projetos\WitchsJourney\build\build_files\enemy.c(49,44): error C2065: 'enemies': identificador não declarado
C:\Users\felip\projetos\WitchsJourney\build\build_files\enemy.c(49,51): error C2109: subscrito requer tipo de matriz ou ponteiro
C:\Users\felip\projetos\WitchsJourney\build\build_files\enemy.c(49,68): error C2065: 'screenWidth': identificador não declarado
C:\Users\felip\projetos\WitchsJourney\build\build_files\enemy.c(50,13): error C2065: 'enemies': identificador não declarado
C:\Users\felip\projetos\WitchsJourney\build\build_files\enemy.c(50,20): error C2109: subscrito requer tipo de matriz ou ponteiro
C:\Users\felip\projetos\WitchsJourney\build\build_files\enemy.c(54,9): error C2065: 'enemies': identificador não declarado
C:\Users\felip\projetos\WitchsJourney\build\build_files\enemy.c(54,16): error C2109: subscrito requer tipo de matriz ou ponteiro
C:\Users\felip\projetos\WitchsJourney\build\build_files\enemy.c(54,31): error C2065: 'enemies': identificador não declarado
C:\Users\felip\projetos\WitchsJourney\build\build_files\enemy.c(54,38): error C2109: subscrito requer tipo de matriz ou ponteiro
C:\Users\felip\projetos\WitchsJourney\build\build_files\enemy.c(55,9): error C2065: 'enemies': identificador não declarado
C:\Users\felip\projetos\WitchsJourney\build\build_files\enemy.c(55,16): error C2109: subscrito requer tipo de matriz ou ponteiro
C:\Users\felip\projetos\WitchsJourney\build\build_files\enemy.c(55,31): error C2065: 'enemies': identificador não declarado
C:\Users\felip\projetos\WitchsJourney\build\build_files\enemy.c(55,38): error C2109: subscrito requer tipo de matriz ou ponteiro
C:\Users\felip\projetos\WitchsJourney\build\build_files\enemy.c(60,25): error C2065: 'enemiesCount': identificador não declarado
C:\Users\felip\projetos\WitchsJourney\build\build_files\enemy.c(61,14): error C2065: 'enemies': identificador não declarado
C:\Users\felip\projetos\WitchsJourney\build\build_files\enemy.c(61,21): error C2109: subscrito requer tipo de matriz ou ponteiro
C:\Users\felip\projetos\WitchsJourney\build\build_files\enemy.c(63,35): error C2065: 'enemies': identificador não declarado
C:\Users\felip\projetos\WitchsJourney\build\build_files\enemy.c(63,42): error C2109: subscrito requer tipo de matriz ou ponteiro
C:\Users\felip\projetos\WitchsJourney\build\build_files\enemy.c(63,61): error C2065: 'enemies': identificador não declarado
C:\Users\felip\projetos\WitchsJourney\build\build_files\enemy.c(63,68): error C2109: subscrito requer tipo de matriz ou ponteiro
C:\Users\felip\projetos\WitchsJourney\build\build_files\enemy.c(64,13): error C2065: 'enemies': identificador não declarado
C:\Users\felip\projetos\WitchsJourney\build\build_files\enemy.c(64,20): error C2109: subscrito requer tipo de matriz ou ponteiro
C:\Users\felip\projetos\WitchsJourney\build\build_files\enemy.c(68,24): error C2065: 'enemies': identificador não declarado
C:\Users\felip\projetos\WitchsJourney\build\build_files\enemy.c(68,31): error C2109: subscrito requer tipo de matriz ou ponteiro
C:\Users\felip\projetos\WitchsJourney\build\build_files\enemy.c(68,44): error C2440: 'função': não é possível converter de 'Rectangle' para 'Texture2D'
C:\Users\felip\projetos\WitchsJourney\build\build_files\enemy.c(68,44): warning C4024: 'DrawTextureRec': tipos diferentes para parâmetro formal e real 1
C:\Users\felip\projetos\WitchsJourney\build\build_files\enemy.c(68,52): error C2065: 'enemies': identificador não declarado
C:\Users\felip\projetos\WitchsJourney\build\build_files\enemy.c(68,59): error C2109: subscrito requer tipo de matriz ou ponteiro
C:\Users\felip\projetos\WitchsJourney\build\build_files\enemy.c(68,73): error C2440: 'função': não é possível converter de 'Color' para 'Rectangle'
C:\Users\felip\projetos\WitchsJourney\build\build_files\enemy.c(68,73): warning C4024: 'DrawTextureRec': tipos diferentes para parâmetro formal e real 2
C:\Users\felip\projetos\WitchsJourney\build\build_files\enemy.c(68,9): error C2198: 'void DrawTextureRec(Texture2D,Rectangle,Vector2,Color)': poucos argumentos para chamada
C:\Users\felip\projetos\WitchsJourney\build\build_files\enemy.c(71,30): error C2065: 'enemies': identificador não declarado
C:\Users\felip\projetos\WitchsJourney\build\build_files\enemy.c(71,37): error C2109: subscrito requer tipo de matriz ou ponteiro
C:\Users\felip\projetos\WitchsJourney\build\build_files\enemy.c(71,49): error C2440: 'função': não é possível converter de 'int' para 'Rectangle'
C:\Users\felip\projetos\WitchsJourney\build\build_files\enemy.c(71,49): warning C4024: 'DrawRectangleLinesEx': tipos diferentes para parâmetro formal e real 1
C:\Users\felip\projetos\WitchsJourney\build\build_files\enemy.c(71,52): error C2440: 'função': não é possível converter de 'Color' para 'float'
C:\Users\felip\projetos\WitchsJourney\build\build_files\enemy.c(71,52): warning C4024: 'DrawRectangleLinesEx': tipos diferentes para parâmetro formal e real 2
C:\Users\felip\projetos\WitchsJourney\build\build_files\enemy.c(71,9): error C2198: 'void DrawRectangleLinesEx(Rectangle,float,Color)': poucos argumentos para chamada
C:\Users\felip\projetos\WitchsJourney\build\build_files\enemy.c(83,90): error C2143: erro de sintaxe: ')' ausente antes de '*'
C:\Users\felip\projetos\WitchsJourney\build\build_files\enemy.c(83,90): error C2143: erro de sintaxe: '{' ausente antes de '*'
C:\Users\felip\projetos\WitchsJourney\build\build_files\enemy.c(83,93): error C2059: erro de sintaxe: ')'
C:\Users\felip\projetos\WitchsJourney\build\build_files\enemy.c(83,91): error C2054: esperado '(' após 'ai'
